[2025-05-06T10:29:17.403457+02:00] installer.INFO: Matched route "{route}". {"route":"installer_home","route_parameters":{"_controller":"OrangeHRM\\Installer\\Controller\\HomeController::handle","_route":"installer_home"},"request_uri":"http://localhost/orangehrm-5.7/installer/index.php/","method":"GET"} []
[2025-05-06T10:29:17.522182+02:00] installer.INFO: Matched route "{route}". {"route":"installer_welcome","route_parameters":{"_controller":"OrangeHRM\\Installer\\Controller\\WelcomeController::handle","_route":"installer_welcome"},"request_uri":"http://localhost/orangehrm-5.7/installer/index.php/welcome","method":"GET"} []
[2025-05-06T10:29:27.474214+02:00] installer.INFO: Matched route "{route}". {"route":"installer_licence_acceptance","route_parameters":{"_controller":"OrangeHRM\\Installer\\Controller\\Installer\\LicenceAcceptanceController::handle","_route":"installer_licence_acceptance"},"request_uri":"http://localhost/orangehrm-5.7/installer/index.php/installer/licence-acceptance","method":"GET"} []
[2025-05-06T10:29:37.090733+02:00] installer.INFO: Matched route "{route}". {"route":"installer_database_config","route_parameters":{"_controller":"OrangeHRM\\Installer\\Controller\\Installer\\DatabaseConfigController::handle","_route":"installer_database_config"},"request_uri":"http://localhost/orangehrm-5.7/installer/index.php/installer/database-config","method":"GET"} []
[2025-05-06T10:29:37.367576+02:00] installer.INFO: Matched route "{route}". {"route":"api_installer_database_config","route_parameters":{"_controller":"OrangeHRM\\Installer\\Controller\\Installer\\Api\\DatabaseConfigAPI::handle","_route":"api_installer_database_config"},"request_uri":"http://localhost/orangehrm-5.7/installer/index.php/installer/api/database-config","method":"GET"} []
[2025-05-06T10:33:51.813887+02:00] installer.INFO: Matched route "{route}". {"route":"api_installer_database_config","route_parameters":{"_controller":"OrangeHRM\\Installer\\Controller\\Installer\\Api\\DatabaseConfigAPI::handle","_route":"api_installer_database_config"},"request_uri":"http://localhost/orangehrm-5.7/installer/index.php/installer/api/database-config","method":"POST"} []
[2025-05-06T10:33:51.908856+02:00] installer.INFO: Instance details: {"os":{"os":"Windows NT","release_name":"10.0","version_info":"build 26100 (Windows 11)"},"php":{"version":"8.2.12"},"mysql":{"client_version":"mysqlnd 8.2.12","server_version":"10.4.32-MariaDB","conn_type":"localhost via TCP\/IP"},"server":"Apache\/2.4.58 (Win64) OpenSSL\/3.1.3 PHP\/8.2.12","ohrm":{"version":"5.7"}} [] []
[2025-05-06T10:33:52.080785+02:00] installer.INFO: Matched route "{route}". {"route":"installer_system_check","route_parameters":{"_controller":"OrangeHRM\\Installer\\Controller\\Installer\\SystemCheckController::handle","_route":"installer_system_check"},"request_uri":"http://localhost/orangehrm-5.7/installer/index.php/installer/system-check","method":"GET"} []
[2025-05-06T10:33:52.324995+02:00] installer.INFO: Matched route "{route}". {"route":"api_installer_system_check","route_parameters":{"_controller":"OrangeHRM\\Installer\\Controller\\Installer\\Api\\SystemCheckAPI::handle","_route":"api_installer_system_check"},"request_uri":"http://localhost/orangehrm-5.7/installer/index.php/installer/api/system-check","method":"GET"} []
[2025-05-06T10:38:55.225502+02:00] installer.INFO: Matched route "{route}". {"route":"api_installer_system_check","route_parameters":{"_controller":"OrangeHRM\\Installer\\Controller\\Installer\\Api\\SystemCheckAPI::handle","_route":"api_installer_system_check"},"request_uri":"http://localhost/orangehrm-5.7/installer/index.php/installer/api/system-check","method":"GET"} []
[2025-05-06T10:39:01.363283+02:00] installer.INFO: Matched route "{route}". {"route":"installer_instance_creation","route_parameters":{"_controller":"OrangeHRM\\Installer\\Controller\\Installer\\InstanceCreationController::handle","_route":"installer_instance_creation"},"request_uri":"http://localhost/orangehrm-5.7/installer/index.php/installer/instance-creation","method":"GET"} []
[2025-05-06T10:39:01.660207+02:00] installer.INFO: Matched route "{route}". {"route":"api_installer_countries","route_parameters":{"_controller":"OrangeHRM\\Installer\\Controller\\Installer\\Api\\CountryAPI::handle","_route":"api_installer_countries"},"request_uri":"http://localhost/orangehrm-5.7/installer/index.php/installer/api/countries","method":"GET"} []
[2025-05-06T10:39:01.813839+02:00] installer.INFO: Matched route "{route}". {"route":"api_installer_languages","route_parameters":{"_controller":"OrangeHRM\\Installer\\Controller\\Installer\\Api\\LanguageAPI::handle","_route":"api_installer_languages"},"request_uri":"http://localhost/orangehrm-5.7/installer/index.php/installer/api/languages","method":"GET"} []
[2025-05-06T10:39:01.944833+02:00] installer.INFO: Matched route "{route}". {"route":"api_installer_timezones","route_parameters":{"_controller":"OrangeHRM\\Installer\\Controller\\Installer\\Api\\TimezoneAPI::handle","_route":"api_installer_timezones"},"request_uri":"http://localhost/orangehrm-5.7/installer/index.php/installer/api/timezones","method":"GET"} []
[2025-05-06T10:39:02.080915+02:00] installer.INFO: Matched route "{route}". {"route":"api_installer_instance","route_parameters":{"_controller":"OrangeHRM\\Installer\\Controller\\Installer\\Api\\InstanceAPI::handle","_route":"api_installer_instance"},"request_uri":"http://localhost/orangehrm-5.7/installer/index.php/installer/api/instance","method":"GET"} []
[2025-05-06T10:42:44.998974+02:00] installer.INFO: Matched route "{route}". {"route":"api_installer_instance","route_parameters":{"_controller":"OrangeHRM\\Installer\\Controller\\Installer\\Api\\InstanceAPI::handle","_route":"api_installer_instance"},"request_uri":"http://localhost/orangehrm-5.7/installer/index.php/installer/api/instance","method":"POST"} []
[2025-05-06T10:42:45.112377+02:00] installer.INFO: Matched route "{route}". {"route":"installer_admin_user_creation","route_parameters":{"_controller":"OrangeHRM\\Installer\\Controller\\Installer\\AdminUserCreationController::handle","_route":"installer_admin_user_creation"},"request_uri":"http://localhost/orangehrm-5.7/installer/index.php/installer/admin-user-creation","method":"GET"} []
[2025-05-06T10:42:45.360135+02:00] installer.INFO: Matched route "{route}". {"route":"api_installer_admin_user","route_parameters":{"_controller":"OrangeHRM\\Installer\\Controller\\Installer\\Api\\AdminUserAPI::handle","_route":"api_installer_admin_user"},"request_uri":"http://localhost/orangehrm-5.7/installer/index.php/installer/api/admin-user","method":"GET"} []
[2025-05-06T10:43:59.104674+02:00] installer.INFO: Matched route "{route}". {"route":"api_installer_admin_user","route_parameters":{"_controller":"OrangeHRM\\Installer\\Controller\\Installer\\Api\\AdminUserAPI::handle","_route":"api_installer_admin_user"},"request_uri":"http://localhost/orangehrm-5.7/installer/index.php/installer/api/admin-user","method":"POST"} []
[2025-05-06T10:43:59.232355+02:00] installer.INFO: Matched route "{route}". {"route":"installer_confirmation","route_parameters":{"_controller":"OrangeHRM\\Installer\\Controller\\Installer\\ConfirmationController::handle","_route":"installer_confirmation"},"request_uri":"http://localhost/orangehrm-5.7/installer/index.php/installer/confirmation","method":"GET"} []
[2025-05-06T10:43:59.452219+02:00] installer.INFO: Matched route "{route}". {"route":"api_installer_database_config","route_parameters":{"_controller":"OrangeHRM\\Installer\\Controller\\Installer\\Api\\DatabaseConfigAPI::handle","_route":"api_installer_database_config"},"request_uri":"http://localhost/orangehrm-5.7/installer/index.php/installer/api/database-config","method":"GET"} []
[2025-05-06T10:43:59.586398+02:00] installer.INFO: Matched route "{route}". {"route":"api_installer_admin_user","route_parameters":{"_controller":"OrangeHRM\\Installer\\Controller\\Installer\\Api\\AdminUserAPI::handle","_route":"api_installer_admin_user"},"request_uri":"http://localhost/orangehrm-5.7/installer/index.php/installer/api/admin-user","method":"GET"} []
[2025-05-06T10:44:05.063237+02:00] installer.INFO: Matched route "{route}". {"route":"installer_process","route_parameters":{"_controller":"OrangeHRM\\Installer\\Controller\\Installer\\InstallerController::handle","_route":"installer_process"},"request_uri":"http://localhost/orangehrm-5.7/installer/index.php/installer/process","method":"GET"} []
[2025-05-06T10:44:05.311176+02:00] installer.ERROR: Failed to remove file "C:\Users\abaka\AppData\Local\Temp\_temp.txt": unlink(C:\Users\abaka\AppData\Local\Temp\_temp.txt): Permission denied [] []
[2025-05-06T10:44:05.312839+02:00] installer.ERROR: #0 C:\xampp\htdocs\orangehrm-5.7\src\vendor\symfony\filesystem\Filesystem.php(159): Symfony\Component\Filesystem\Filesystem::doRemove(Array, false) #1 C:\xampp\htdocs\orangehrm-5.7\installer\Util\SystemCheck.php(603): Symfony\Component\Filesystem\Filesystem->remove(Array) #2 C:\xampp\htdocs\orangehrm-5.7\installer\Framework\HttpKernel.php(190): OrangeHRM\Installer\Util\SystemCheck->checkWritePermission('C:\\Users\\abaka\\...') #3 C:\xampp\htdocs\orangehrm-5.7\installer\Framework\HttpKernel.php(241): OrangeHRM\Installer\Framework\HttpKernel->configureSession(Object(OrangeHRM\Framework\Http\Request)) #4 C:\xampp\htdocs\orangehrm-5.7\installer\index.php(65): OrangeHRM\Installer\Framework\HttpKernel->handleRequest(Object(OrangeHRM\Framework\Http\Request)) #5 {main} [] []
[2025-05-06T10:44:05.318772+02:00] installer.INFO: Matched route "{route}". {"route":"api_installer_start_registration","route_parameters":{"_controller":"OrangeHRM\\Installer\\Controller\\Installer\\Api\\InstallerDataRegistrationAPI::handle","_route":"api_installer_start_registration"},"request_uri":"http://localhost/orangehrm-5.7/installer/index.php/installer/api/send-data/installer-start","method":"POST"} []
[2025-05-06T10:44:05.473766+02:00] installer.INFO: Matched route "{route}". {"route":"api_installer_pre_migration_check","route_parameters":{"_controller":"OrangeHRM\\Installer\\Controller\\Installer\\Api\\PreMigrationCheck::handle","_route":"api_installer_pre_migration_check"},"request_uri":"http://localhost/orangehrm-5.7/installer/index.php/installer/api/installation/pre-migration","method":"POST"} []
[2025-05-06T10:44:05.570363+02:00] installer.INFO: Instance details: {"os":{"os":"Windows NT","release_name":"10.0","version_info":"build 26100 (Windows 11)"},"php":{"version":"8.2.12"},"mysql":{"client_version":"mysqlnd 8.2.12","server_version":"10.4.32-MariaDB","conn_type":"localhost via TCP\/IP"},"server":"Apache\/2.4.58 (Win64) OpenSSL\/3.1.3 PHP\/8.2.12","ohrm":{"version":"5.7"}} [] []
[2025-05-06T10:44:06.180395+02:00] installer.INFO: Matched route "{route}". {"route":"api_installer_versions","route_parameters":{"_controller":"OrangeHRM\\Installer\\Controller\\Installer\\Api\\VersionAPI::handle","_route":"api_installer_versions"},"request_uri":"http://localhost/orangehrm-5.7/installer/index.php/installer/api/versions?excludeLatest=false","method":"GET"} []
[2025-05-06T10:44:06.308184+02:00] installer.INFO: Matched route "{route}". {"route":"api_installer_migration","route_parameters":{"_controller":"OrangeHRM\\Installer\\Controller\\Installer\\Api\\MigrationAPI::handle","_route":"api_installer_migration"},"request_uri":"http://localhost/orangehrm-5.7/installer/index.php/installer/api/installation/migration","method":"POST"} []
[2025-05-06T10:44:06.316357+02:00] installer.INFO: {"version":"3.3.3"} [] []
[2025-05-06T10:44:06.369830+02:00] installer.INFO: Instance details: {"os":{"os":"Windows NT","release_name":"10.0","version_info":"build 26100 (Windows 11)"},"php":{"version":"8.2.12"},"mysql":{"client_version":"mysqlnd 8.2.12","server_version":"10.4.32-MariaDB","conn_type":"localhost via TCP\/IP"},"server":"Apache\/2.4.58 (Win64) OpenSSL\/3.1.3 PHP\/8.2.12","ohrm":{"version":"5.7"}} [] []
[2025-05-06T10:44:06.405703+02:00] installer.INFO: set_time_limit: success [] []
[2025-05-06T10:44:17.673754+02:00] installer.INFO: Matched route "{route}". {"route":"api_installer_migration","route_parameters":{"_controller":"OrangeHRM\\Installer\\Controller\\Installer\\Api\\MigrationAPI::handle","_route":"api_installer_migration"},"request_uri":"http://localhost/orangehrm-5.7/installer/index.php/installer/api/installation/migration","method":"POST"} []
[2025-05-06T10:44:17.686487+02:00] installer.INFO: {"version":"4.0"} [] []
[2025-05-06T10:44:17.767144+02:00] installer.INFO: Instance details: {"os":{"os":"Windows NT","release_name":"10.0","version_info":"build 26100 (Windows 11)"},"php":{"version":"8.2.12"},"mysql":{"client_version":"mysqlnd 8.2.12","server_version":"10.4.32-MariaDB","conn_type":"localhost via TCP\/IP"},"server":"Apache\/2.4.58 (Win64) OpenSSL\/3.1.3 PHP\/8.2.12","ohrm":{"version":"5.7"}} [] []
[2025-05-06T10:44:17.787368+02:00] installer.INFO: set_time_limit: success [] []
[2025-05-06T10:44:18.033766+02:00] installer.INFO: Matched route "{route}". {"route":"api_installer_migration","route_parameters":{"_controller":"OrangeHRM\\Installer\\Controller\\Installer\\Api\\MigrationAPI::handle","_route":"api_installer_migration"},"request_uri":"http://localhost/orangehrm-5.7/installer/index.php/installer/api/installation/migration","method":"POST"} []
[2025-05-06T10:44:18.040702+02:00] installer.INFO: {"version":"4.1"} [] []
[2025-05-06T10:44:18.116244+02:00] installer.INFO: Instance details: {"os":{"os":"Windows NT","release_name":"10.0","version_info":"build 26100 (Windows 11)"},"php":{"version":"8.2.12"},"mysql":{"client_version":"mysqlnd 8.2.12","server_version":"10.4.32-MariaDB","conn_type":"localhost via TCP\/IP"},"server":"Apache\/2.4.58 (Win64) OpenSSL\/3.1.3 PHP\/8.2.12","ohrm":{"version":"5.7"}} [] []
[2025-05-06T10:44:18.135074+02:00] installer.INFO: set_time_limit: success [] []
[2025-05-06T10:44:18.752916+02:00] installer.INFO: Matched route "{route}". {"route":"api_installer_migration","route_parameters":{"_controller":"OrangeHRM\\Installer\\Controller\\Installer\\Api\\MigrationAPI::handle","_route":"api_installer_migration"},"request_uri":"http://localhost/orangehrm-5.7/installer/index.php/installer/api/installation/migration","method":"POST"} []
[2025-05-06T10:44:18.760319+02:00] installer.INFO: {"version":"4.1.1"} [] []
[2025-05-06T10:44:18.817269+02:00] installer.INFO: Instance details: {"os":{"os":"Windows NT","release_name":"10.0","version_info":"build 26100 (Windows 11)"},"php":{"version":"8.2.12"},"mysql":{"client_version":"mysqlnd 8.2.12","server_version":"10.4.32-MariaDB","conn_type":"localhost via TCP\/IP"},"server":"Apache\/2.4.58 (Win64) OpenSSL\/3.1.3 PHP\/8.2.12","ohrm":{"version":"5.7"}} [] []
[2025-05-06T10:44:18.833848+02:00] installer.INFO: set_time_limit: success [] []
[2025-05-06T10:44:19.337083+02:00] installer.INFO: Matched route "{route}". {"route":"api_installer_migration","route_parameters":{"_controller":"OrangeHRM\\Installer\\Controller\\Installer\\Api\\MigrationAPI::handle","_route":"api_installer_migration"},"request_uri":"http://localhost/orangehrm-5.7/installer/index.php/installer/api/installation/migration","method":"POST"} []
[2025-05-06T10:44:19.344115+02:00] installer.INFO: {"version":"4.1.2"} [] []
[2025-05-06T10:44:19.419988+02:00] installer.INFO: Instance details: {"os":{"os":"Windows NT","release_name":"10.0","version_info":"build 26100 (Windows 11)"},"php":{"version":"8.2.12"},"mysql":{"client_version":"mysqlnd 8.2.12","server_version":"10.4.32-MariaDB","conn_type":"localhost via TCP\/IP"},"server":"Apache\/2.4.58 (Win64) OpenSSL\/3.1.3 PHP\/8.2.12","ohrm":{"version":"5.7"}} [] []
[2025-05-06T10:44:19.434667+02:00] installer.INFO: set_time_limit: success [] []
[2025-05-06T10:44:19.647377+02:00] installer.INFO: Matched route "{route}". {"route":"api_installer_migration","route_parameters":{"_controller":"OrangeHRM\\Installer\\Controller\\Installer\\Api\\MigrationAPI::handle","_route":"api_installer_migration"},"request_uri":"http://localhost/orangehrm-5.7/installer/index.php/installer/api/installation/migration","method":"POST"} []
[2025-05-06T10:44:19.659120+02:00] installer.INFO: {"version":"4.1.2.1"} [] []
[2025-05-06T10:44:19.734445+02:00] installer.INFO: Instance details: {"os":{"os":"Windows NT","release_name":"10.0","version_info":"build 26100 (Windows 11)"},"php":{"version":"8.2.12"},"mysql":{"client_version":"mysqlnd 8.2.12","server_version":"10.4.32-MariaDB","conn_type":"localhost via TCP\/IP"},"server":"Apache\/2.4.58 (Win64) OpenSSL\/3.1.3 PHP\/8.2.12","ohrm":{"version":"5.7"}} [] []
[2025-05-06T10:44:19.753229+02:00] installer.INFO: set_time_limit: success [] []
[2025-05-06T10:44:19.934675+02:00] installer.INFO: Matched route "{route}". {"route":"api_installer_migration","route_parameters":{"_controller":"OrangeHRM\\Installer\\Controller\\Installer\\Api\\MigrationAPI::handle","_route":"api_installer_migration"},"request_uri":"http://localhost/orangehrm-5.7/installer/index.php/installer/api/installation/migration","method":"POST"} []
[2025-05-06T10:44:19.941662+02:00] installer.INFO: {"version":"4.2"} [] []
[2025-05-06T10:44:19.998686+02:00] installer.INFO: Instance details: {"os":{"os":"Windows NT","release_name":"10.0","version_info":"build 26100 (Windows 11)"},"php":{"version":"8.2.12"},"mysql":{"client_version":"mysqlnd 8.2.12","server_version":"10.4.32-MariaDB","conn_type":"localhost via TCP\/IP"},"server":"Apache\/2.4.58 (Win64) OpenSSL\/3.1.3 PHP\/8.2.12","ohrm":{"version":"5.7"}} [] []
[2025-05-06T10:44:20.014508+02:00] installer.INFO: set_time_limit: success [] []
[2025-05-06T10:44:20.387335+02:00] installer.INFO: Matched route "{route}". {"route":"api_installer_migration","route_parameters":{"_controller":"OrangeHRM\\Installer\\Controller\\Installer\\Api\\MigrationAPI::handle","_route":"api_installer_migration"},"request_uri":"http://localhost/orangehrm-5.7/installer/index.php/installer/api/installation/migration","method":"POST"} []
[2025-05-06T10:44:20.397864+02:00] installer.INFO: {"version":"4.2.0.1"} [] []
[2025-05-06T10:44:20.470730+02:00] installer.INFO: Instance details: {"os":{"os":"Windows NT","release_name":"10.0","version_info":"build 26100 (Windows 11)"},"php":{"version":"8.2.12"},"mysql":{"client_version":"mysqlnd 8.2.12","server_version":"10.4.32-MariaDB","conn_type":"localhost via TCP\/IP"},"server":"Apache\/2.4.58 (Win64) OpenSSL\/3.1.3 PHP\/8.2.12","ohrm":{"version":"5.7"}} [] []
[2025-05-06T10:44:20.488162+02:00] installer.INFO: set_time_limit: success [] []
[2025-05-06T10:44:20.668206+02:00] installer.INFO: Matched route "{route}". {"route":"api_installer_migration","route_parameters":{"_controller":"OrangeHRM\\Installer\\Controller\\Installer\\Api\\MigrationAPI::handle","_route":"api_installer_migration"},"request_uri":"http://localhost/orangehrm-5.7/installer/index.php/installer/api/installation/migration","method":"POST"} []
[2025-05-06T10:44:20.675918+02:00] installer.INFO: {"version":"4.3"} [] []
[2025-05-06T10:44:20.758691+02:00] installer.INFO: Instance details: {"os":{"os":"Windows NT","release_name":"10.0","version_info":"build 26100 (Windows 11)"},"php":{"version":"8.2.12"},"mysql":{"client_version":"mysqlnd 8.2.12","server_version":"10.4.32-MariaDB","conn_type":"localhost via TCP\/IP"},"server":"Apache\/2.4.58 (Win64) OpenSSL\/3.1.3 PHP\/8.2.12","ohrm":{"version":"5.7"}} [] []
[2025-05-06T10:44:20.773214+02:00] installer.INFO: set_time_limit: success [] []
[2025-05-06T10:44:21.004509+02:00] installer.INFO: Matched route "{route}". {"route":"api_installer_migration","route_parameters":{"_controller":"OrangeHRM\\Installer\\Controller\\Installer\\Api\\MigrationAPI::handle","_route":"api_installer_migration"},"request_uri":"http://localhost/orangehrm-5.7/installer/index.php/installer/api/installation/migration","method":"POST"} []
[2025-05-06T10:44:21.011529+02:00] installer.INFO: {"version":"4.3.1"} [] []
[2025-05-06T10:44:21.094429+02:00] installer.INFO: Instance details: {"os":{"os":"Windows NT","release_name":"10.0","version_info":"build 26100 (Windows 11)"},"php":{"version":"8.2.12"},"mysql":{"client_version":"mysqlnd 8.2.12","server_version":"10.4.32-MariaDB","conn_type":"localhost via TCP\/IP"},"server":"Apache\/2.4.58 (Win64) OpenSSL\/3.1.3 PHP\/8.2.12","ohrm":{"version":"5.7"}} [] []
[2025-05-06T10:44:21.110408+02:00] installer.INFO: set_time_limit: success [] []
[2025-05-06T10:44:21.395845+02:00] installer.INFO: Matched route "{route}". {"route":"api_installer_migration","route_parameters":{"_controller":"OrangeHRM\\Installer\\Controller\\Installer\\Api\\MigrationAPI::handle","_route":"api_installer_migration"},"request_uri":"http://localhost/orangehrm-5.7/installer/index.php/installer/api/installation/migration","method":"POST"} []
[2025-05-06T10:44:21.407146+02:00] installer.INFO: {"version":"4.3.2"} [] []
[2025-05-06T10:44:21.484063+02:00] installer.INFO: Instance details: {"os":{"os":"Windows NT","release_name":"10.0","version_info":"build 26100 (Windows 11)"},"php":{"version":"8.2.12"},"mysql":{"client_version":"mysqlnd 8.2.12","server_version":"10.4.32-MariaDB","conn_type":"localhost via TCP\/IP"},"server":"Apache\/2.4.58 (Win64) OpenSSL\/3.1.3 PHP\/8.2.12","ohrm":{"version":"5.7"}} [] []
[2025-05-06T10:44:21.500862+02:00] installer.INFO: set_time_limit: success [] []
[2025-05-06T10:44:21.755941+02:00] installer.INFO: Matched route "{route}". {"route":"api_installer_migration","route_parameters":{"_controller":"OrangeHRM\\Installer\\Controller\\Installer\\Api\\MigrationAPI::handle","_route":"api_installer_migration"},"request_uri":"http://localhost/orangehrm-5.7/installer/index.php/installer/api/installation/migration","method":"POST"} []
[2025-05-06T10:44:21.764008+02:00] installer.INFO: {"version":"4.3.3"} [] []
[2025-05-06T10:44:21.840508+02:00] installer.INFO: Instance details: {"os":{"os":"Windows NT","release_name":"10.0","version_info":"build 26100 (Windows 11)"},"php":{"version":"8.2.12"},"mysql":{"client_version":"mysqlnd 8.2.12","server_version":"10.4.32-MariaDB","conn_type":"localhost via TCP\/IP"},"server":"Apache\/2.4.58 (Win64) OpenSSL\/3.1.3 PHP\/8.2.12","ohrm":{"version":"5.7"}} [] []
[2025-05-06T10:44:21.856808+02:00] installer.INFO: set_time_limit: success [] []
[2025-05-06T10:44:27.838568+02:00] installer.INFO: Matched route "{route}". {"route":"api_installer_migration","route_parameters":{"_controller":"OrangeHRM\\Installer\\Controller\\Installer\\Api\\MigrationAPI::handle","_route":"api_installer_migration"},"request_uri":"http://localhost/orangehrm-5.7/installer/index.php/installer/api/installation/migration","method":"POST"} []
[2025-05-06T10:44:27.846408+02:00] installer.INFO: {"version":"4.3.4"} [] []
[2025-05-06T10:44:27.922984+02:00] installer.INFO: Instance details: {"os":{"os":"Windows NT","release_name":"10.0","version_info":"build 26100 (Windows 11)"},"php":{"version":"8.2.12"},"mysql":{"client_version":"mysqlnd 8.2.12","server_version":"10.4.32-MariaDB","conn_type":"localhost via TCP\/IP"},"server":"Apache\/2.4.58 (Win64) OpenSSL\/3.1.3 PHP\/8.2.12","ohrm":{"version":"5.7"}} [] []
[2025-05-06T10:44:27.943049+02:00] installer.INFO: set_time_limit: success [] []
[2025-05-06T10:44:28.233780+02:00] installer.INFO: Matched route "{route}". {"route":"api_installer_migration","route_parameters":{"_controller":"OrangeHRM\\Installer\\Controller\\Installer\\Api\\MigrationAPI::handle","_route":"api_installer_migration"},"request_uri":"http://localhost/orangehrm-5.7/installer/index.php/installer/api/installation/migration","method":"POST"} []
[2025-05-06T10:44:28.240788+02:00] installer.INFO: {"version":"4.3.5"} [] []
[2025-05-06T10:44:28.298066+02:00] installer.INFO: Instance details: {"os":{"os":"Windows NT","release_name":"10.0","version_info":"build 26100 (Windows 11)"},"php":{"version":"8.2.12"},"mysql":{"client_version":"mysqlnd 8.2.12","server_version":"10.4.32-MariaDB","conn_type":"localhost via TCP\/IP"},"server":"Apache\/2.4.58 (Win64) OpenSSL\/3.1.3 PHP\/8.2.12","ohrm":{"version":"5.7"}} [] []
[2025-05-06T10:44:28.311402+02:00] installer.INFO: set_time_limit: success [] []
[2025-05-06T10:44:28.529479+02:00] installer.INFO: Matched route "{route}". {"route":"api_installer_migration","route_parameters":{"_controller":"OrangeHRM\\Installer\\Controller\\Installer\\Api\\MigrationAPI::handle","_route":"api_installer_migration"},"request_uri":"http://localhost/orangehrm-5.7/installer/index.php/installer/api/installation/migration","method":"POST"} []
[2025-05-06T10:44:28.536571+02:00] installer.INFO: {"version":"4.4"} [] []
[2025-05-06T10:44:28.608610+02:00] installer.INFO: Instance details: {"os":{"os":"Windows NT","release_name":"10.0","version_info":"build 26100 (Windows 11)"},"php":{"version":"8.2.12"},"mysql":{"client_version":"mysqlnd 8.2.12","server_version":"10.4.32-MariaDB","conn_type":"localhost via TCP\/IP"},"server":"Apache\/2.4.58 (Win64) OpenSSL\/3.1.3 PHP\/8.2.12","ohrm":{"version":"5.7"}} [] []
[2025-05-06T10:44:28.625284+02:00] installer.INFO: set_time_limit: success [] []
[2025-05-06T10:44:30.400920+02:00] installer.INFO: Matched route "{route}". {"route":"api_installer_migration","route_parameters":{"_controller":"OrangeHRM\\Installer\\Controller\\Installer\\Api\\MigrationAPI::handle","_route":"api_installer_migration"},"request_uri":"http://localhost/orangehrm-5.7/installer/index.php/installer/api/installation/migration","method":"POST"} []
[2025-05-06T10:44:30.407967+02:00] installer.INFO: {"version":"4.5"} [] []
[2025-05-06T10:44:30.478817+02:00] installer.INFO: Instance details: {"os":{"os":"Windows NT","release_name":"10.0","version_info":"build 26100 (Windows 11)"},"php":{"version":"8.2.12"},"mysql":{"client_version":"mysqlnd 8.2.12","server_version":"10.4.32-MariaDB","conn_type":"localhost via TCP\/IP"},"server":"Apache\/2.4.58 (Win64) OpenSSL\/3.1.3 PHP\/8.2.12","ohrm":{"version":"5.7"}} [] []
[2025-05-06T10:44:30.496758+02:00] installer.INFO: set_time_limit: success [] []
[2025-05-06T10:44:30.758982+02:00] installer.INFO: Matched route "{route}". {"route":"api_installer_migration","route_parameters":{"_controller":"OrangeHRM\\Installer\\Controller\\Installer\\Api\\MigrationAPI::handle","_route":"api_installer_migration"},"request_uri":"http://localhost/orangehrm-5.7/installer/index.php/installer/api/installation/migration","method":"POST"} []
[2025-05-06T10:44:30.766093+02:00] installer.INFO: {"version":"4.6"} [] []
[2025-05-06T10:44:30.828009+02:00] installer.INFO: Instance details: {"os":{"os":"Windows NT","release_name":"10.0","version_info":"build 26100 (Windows 11)"},"php":{"version":"8.2.12"},"mysql":{"client_version":"mysqlnd 8.2.12","server_version":"10.4.32-MariaDB","conn_type":"localhost via TCP\/IP"},"server":"Apache\/2.4.58 (Win64) OpenSSL\/3.1.3 PHP\/8.2.12","ohrm":{"version":"5.7"}} [] []
[2025-05-06T10:44:30.844202+02:00] installer.INFO: set_time_limit: success [] []
[2025-05-06T10:44:32.420287+02:00] installer.INFO: Matched route "{route}". {"route":"api_installer_migration","route_parameters":{"_controller":"OrangeHRM\\Installer\\Controller\\Installer\\Api\\MigrationAPI::handle","_route":"api_installer_migration"},"request_uri":"http://localhost/orangehrm-5.7/installer/index.php/installer/api/installation/migration","method":"POST"} []
[2025-05-06T10:44:32.431572+02:00] installer.INFO: {"version":"4.6.0.1"} [] []
[2025-05-06T10:44:32.519180+02:00] installer.INFO: Instance details: {"os":{"os":"Windows NT","release_name":"10.0","version_info":"build 26100 (Windows 11)"},"php":{"version":"8.2.12"},"mysql":{"client_version":"mysqlnd 8.2.12","server_version":"10.4.32-MariaDB","conn_type":"localhost via TCP\/IP"},"server":"Apache\/2.4.58 (Win64) OpenSSL\/3.1.3 PHP\/8.2.12","ohrm":{"version":"5.7"}} [] []
[2025-05-06T10:44:32.534877+02:00] installer.INFO: set_time_limit: success [] []
[2025-05-06T10:44:32.717021+02:00] installer.INFO: Matched route "{route}". {"route":"api_installer_migration","route_parameters":{"_controller":"OrangeHRM\\Installer\\Controller\\Installer\\Api\\MigrationAPI::handle","_route":"api_installer_migration"},"request_uri":"http://localhost/orangehrm-5.7/installer/index.php/installer/api/installation/migration","method":"POST"} []
[2025-05-06T10:44:32.723928+02:00] installer.INFO: {"version":"4.7"} [] []
[2025-05-06T10:44:32.782495+02:00] installer.INFO: Instance details: {"os":{"os":"Windows NT","release_name":"10.0","version_info":"build 26100 (Windows 11)"},"php":{"version":"8.2.12"},"mysql":{"client_version":"mysqlnd 8.2.12","server_version":"10.4.32-MariaDB","conn_type":"localhost via TCP\/IP"},"server":"Apache\/2.4.58 (Win64) OpenSSL\/3.1.3 PHP\/8.2.12","ohrm":{"version":"5.7"}} [] []
[2025-05-06T10:44:32.797898+02:00] installer.INFO: set_time_limit: success [] []
[2025-05-06T10:44:32.976764+02:00] installer.INFO: Matched route "{route}". {"route":"api_installer_migration","route_parameters":{"_controller":"OrangeHRM\\Installer\\Controller\\Installer\\Api\\MigrationAPI::handle","_route":"api_installer_migration"},"request_uri":"http://localhost/orangehrm-5.7/installer/index.php/installer/api/installation/migration","method":"POST"} []
[2025-05-06T10:44:32.983918+02:00] installer.INFO: {"version":"4.8"} [] []
[2025-05-06T10:44:33.064571+02:00] installer.INFO: Instance details: {"os":{"os":"Windows NT","release_name":"10.0","version_info":"build 26100 (Windows 11)"},"php":{"version":"8.2.12"},"mysql":{"client_version":"mysqlnd 8.2.12","server_version":"10.4.32-MariaDB","conn_type":"localhost via TCP\/IP"},"server":"Apache\/2.4.58 (Win64) OpenSSL\/3.1.3 PHP\/8.2.12","ohrm":{"version":"5.7"}} [] []
[2025-05-06T10:44:33.078634+02:00] installer.INFO: set_time_limit: success [] []
[2025-05-06T10:44:33.331956+02:00] installer.INFO: Matched route "{route}". {"route":"api_installer_migration","route_parameters":{"_controller":"OrangeHRM\\Installer\\Controller\\Installer\\Api\\MigrationAPI::handle","_route":"api_installer_migration"},"request_uri":"http://localhost/orangehrm-5.7/installer/index.php/installer/api/installation/migration","method":"POST"} []
[2025-05-06T10:44:33.340973+02:00] installer.INFO: {"version":"4.9"} [] []
[2025-05-06T10:44:33.421109+02:00] installer.INFO: Instance details: {"os":{"os":"Windows NT","release_name":"10.0","version_info":"build 26100 (Windows 11)"},"php":{"version":"8.2.12"},"mysql":{"client_version":"mysqlnd 8.2.12","server_version":"10.4.32-MariaDB","conn_type":"localhost via TCP\/IP"},"server":"Apache\/2.4.58 (Win64) OpenSSL\/3.1.3 PHP\/8.2.12","ohrm":{"version":"5.7"}} [] []
[2025-05-06T10:44:33.438429+02:00] installer.INFO: set_time_limit: success [] []
[2025-05-06T10:44:33.815777+02:00] installer.INFO: Matched route "{route}". {"route":"api_installer_migration","route_parameters":{"_controller":"OrangeHRM\\Installer\\Controller\\Installer\\Api\\MigrationAPI::handle","_route":"api_installer_migration"},"request_uri":"http://localhost/orangehrm-5.7/installer/index.php/installer/api/installation/migration","method":"POST"} []
[2025-05-06T10:44:33.822497+02:00] installer.INFO: {"version":"4.10"} [] []
[2025-05-06T10:44:33.908685+02:00] installer.INFO: Instance details: {"os":{"os":"Windows NT","release_name":"10.0","version_info":"build 26100 (Windows 11)"},"php":{"version":"8.2.12"},"mysql":{"client_version":"mysqlnd 8.2.12","server_version":"10.4.32-MariaDB","conn_type":"localhost via TCP\/IP"},"server":"Apache\/2.4.58 (Win64) OpenSSL\/3.1.3 PHP\/8.2.12","ohrm":{"version":"5.7"}} [] []
[2025-05-06T10:44:33.933962+02:00] installer.INFO: set_time_limit: success [] []
[2025-05-06T10:44:34.161722+02:00] installer.INFO: Matched route "{route}". {"route":"api_installer_migration","route_parameters":{"_controller":"OrangeHRM\\Installer\\Controller\\Installer\\Api\\MigrationAPI::handle","_route":"api_installer_migration"},"request_uri":"http://localhost/orangehrm-5.7/installer/index.php/installer/api/installation/migration","method":"POST"} []
[2025-05-06T10:44:34.172931+02:00] installer.INFO: {"version":"4.10.1"} [] []
[2025-05-06T10:44:34.258488+02:00] installer.INFO: Instance details: {"os":{"os":"Windows NT","release_name":"10.0","version_info":"build 26100 (Windows 11)"},"php":{"version":"8.2.12"},"mysql":{"client_version":"mysqlnd 8.2.12","server_version":"10.4.32-MariaDB","conn_type":"localhost via TCP\/IP"},"server":"Apache\/2.4.58 (Win64) OpenSSL\/3.1.3 PHP\/8.2.12","ohrm":{"version":"5.7"}} [] []
[2025-05-06T10:44:34.277546+02:00] installer.INFO: set_time_limit: success [] []
[2025-05-06T10:44:34.555132+02:00] installer.INFO: Matched route "{route}". {"route":"api_installer_migration","route_parameters":{"_controller":"OrangeHRM\\Installer\\Controller\\Installer\\Api\\MigrationAPI::handle","_route":"api_installer_migration"},"request_uri":"http://localhost/orangehrm-5.7/installer/index.php/installer/api/installation/migration","method":"POST"} []
[2025-05-06T10:44:34.567122+02:00] installer.INFO: {"version":"5.0"} [] []
[2025-05-06T10:44:34.652305+02:00] installer.INFO: Instance details: {"os":{"os":"Windows NT","release_name":"10.0","version_info":"build 26100 (Windows 11)"},"php":{"version":"8.2.12"},"mysql":{"client_version":"mysqlnd 8.2.12","server_version":"10.4.32-MariaDB","conn_type":"localhost via TCP\/IP"},"server":"Apache\/2.4.58 (Win64) OpenSSL\/3.1.3 PHP\/8.2.12","ohrm":{"version":"5.7"}} [] []
[2025-05-06T10:44:34.670846+02:00] installer.INFO: set_time_limit: success [] []
[2025-05-06T10:44:36.487312+02:00] installer.INFO: set_time_limit: success [] []
[2025-05-06T10:45:18.959834+02:00] installer.INFO: Matched route "{route}". {"route":"api_installer_migration","route_parameters":{"_controller":"OrangeHRM\\Installer\\Controller\\Installer\\Api\\MigrationAPI::handle","_route":"api_installer_migration"},"request_uri":"http://localhost/orangehrm-5.7/installer/index.php/installer/api/installation/migration","method":"POST"} []
[2025-05-06T10:45:18.967758+02:00] installer.INFO: {"version":"5.1"} [] []
[2025-05-06T10:45:19.030297+02:00] installer.INFO: Instance details: {"os":{"os":"Windows NT","release_name":"10.0","version_info":"build 26100 (Windows 11)"},"php":{"version":"8.2.12"},"mysql":{"client_version":"mysqlnd 8.2.12","server_version":"10.4.32-MariaDB","conn_type":"localhost via TCP\/IP"},"server":"Apache\/2.4.58 (Win64) OpenSSL\/3.1.3 PHP\/8.2.12","ohrm":{"version":"5.7"}} [] []
[2025-05-06T10:45:19.045345+02:00] installer.INFO: set_time_limit: success [] []
[2025-05-06T10:45:27.490960+02:00] installer.INFO: Matched route "{route}". {"route":"api_installer_migration","route_parameters":{"_controller":"OrangeHRM\\Installer\\Controller\\Installer\\Api\\MigrationAPI::handle","_route":"api_installer_migration"},"request_uri":"http://localhost/orangehrm-5.7/installer/index.php/installer/api/installation/migration","method":"POST"} []
[2025-05-06T10:45:27.500151+02:00] installer.INFO: {"version":"5.2"} [] []
[2025-05-06T10:45:27.568980+02:00] installer.INFO: Instance details: {"os":{"os":"Windows NT","release_name":"10.0","version_info":"build 26100 (Windows 11)"},"php":{"version":"8.2.12"},"mysql":{"client_version":"mysqlnd 8.2.12","server_version":"10.4.32-MariaDB","conn_type":"localhost via TCP\/IP"},"server":"Apache\/2.4.58 (Win64) OpenSSL\/3.1.3 PHP\/8.2.12","ohrm":{"version":"5.7"}} [] []
[2025-05-06T10:45:27.587361+02:00] installer.INFO: set_time_limit: success [] []
[2025-05-06T10:45:31.679889+02:00] installer.INFO: Deleting invalid config values [] []
[2025-05-06T10:45:31.743115+02:00] installer.INFO: Deleting: `https://opensourcehelp.orangehrm.com` => `` from `hs_hr_config` [] []
[2025-05-06T10:45:31.818236+02:00] installer.INFO: Deleting: `ZendeskHelpProcessor` => `` from `hs_hr_config` [] []
[2025-05-06T10:45:31.818991+02:00] installer.INFO: Deleting legacy config values [] []
[2025-05-06T10:45:31.887536+02:00] installer.INFO: Deleting: `ldap_domain_name` => `` from `hs_hr_config` [] []
[2025-05-06T10:45:31.966345+02:00] installer.INFO: Deleting: `ldap_port` => `` from `hs_hr_config` [] []
[2025-05-06T10:45:32.084429+02:00] installer.INFO: Deleting: `ldap_server` => `` from `hs_hr_config` [] []
[2025-05-06T10:45:32.158114+02:00] installer.INFO: Deleting: `ldap_status` => `` from `hs_hr_config` [] []
[2025-05-06T10:45:32.225662+02:00] installer.INFO: Deleting: `beacon.activation_acceptance_status` => `off` from `hs_hr_config` [] []
[2025-05-06T10:45:32.293384+02:00] installer.INFO: Deleting: `beacon.activiation_status` => `off` from `hs_hr_config` [] []
[2025-05-06T10:45:32.357728+02:00] installer.INFO: Deleting: `beacon.company_name` => `` from `hs_hr_config` [] []
[2025-05-06T10:45:32.425199+02:00] installer.INFO: Deleting: `beacon.flash_period` => `120` from `hs_hr_config` [] []
[2025-05-06T10:45:32.503669+02:00] installer.INFO: Deleting: `beacon.lock` => `unlocked` from `hs_hr_config` [] []
[2025-05-06T10:45:32.580531+02:00] installer.INFO: Deleting: `beacon.next_flash_time` => `0000-00-00` from `hs_hr_config` [] []
[2025-05-06T10:45:32.656493+02:00] installer.INFO: Deleting: `beacon.uuid` => `0` from `hs_hr_config` [] []
[2025-05-06T10:45:32.725186+02:00] installer.INFO: Deleting: `showSIN` => `0` from `hs_hr_config` [] []
[2025-05-06T10:45:32.792707+02:00] installer.INFO: Deleting: `showSSN` => `0` from `hs_hr_config` [] []
[2025-05-06T10:45:32.861503+02:00] installer.INFO: Deleting: `showTaxExemptions` => `0` from `hs_hr_config` [] []
[2025-05-06T10:45:32.925386+02:00] installer.INFO: Deleting: `report.mysql_group_concat_max_len` => `2048` from `hs_hr_config` [] []
[2025-05-06T10:45:32.994369+02:00] installer.INFO: Deleting: `attendanceEmpEditSubmitted` => `No` from `hs_hr_config` [] []
[2025-05-06T10:45:33.110050+02:00] installer.INFO: Deleting: `attendanceSupEditSubmitted` => `No` from `hs_hr_config` [] []
[2025-05-06T10:45:33.180581+02:00] installer.INFO: Deleting: `hsp_accrued_last_updated` => `0000-00-00` from `hs_hr_config` [] []
[2025-05-06T10:45:33.251696+02:00] installer.INFO: Deleting: `hsp_current_plan` => `0` from `hs_hr_config` [] []
[2025-05-06T10:45:33.329985+02:00] installer.INFO: Deleting: `hsp_used_last_updated` => `0000-00-00` from `hs_hr_config` [] []
[2025-05-06T10:45:33.509540+02:00] installer.INFO: Matched route "{route}". {"route":"api_installer_migration","route_parameters":{"_controller":"OrangeHRM\\Installer\\Controller\\Installer\\Api\\MigrationAPI::handle","_route":"api_installer_migration"},"request_uri":"http://localhost/orangehrm-5.7/installer/index.php/installer/api/installation/migration","method":"POST"} []
[2025-05-06T10:45:33.517412+02:00] installer.INFO: {"version":"5.3"} [] []
[2025-05-06T10:45:33.555966+02:00] installer.INFO: Instance details: {"os":{"os":"Windows NT","release_name":"10.0","version_info":"build 26100 (Windows 11)"},"php":{"version":"8.2.12"},"mysql":{"client_version":"mysqlnd 8.2.12","server_version":"10.4.32-MariaDB","conn_type":"localhost via TCP\/IP"},"server":"Apache\/2.4.58 (Win64) OpenSSL\/3.1.3 PHP\/8.2.12","ohrm":{"version":"5.7"}} [] []
[2025-05-06T10:45:33.571837+02:00] installer.INFO: set_time_limit: success [] []
[2025-05-06T10:45:36.321317+02:00] installer.INFO: Server timezone: Europe/Berlin [] []
[2025-05-06T10:45:36.324379+02:00] installer.INFO: `ohrm_buzz_comment` record count: 0 [] []
[2025-05-06T10:45:36.327742+02:00] installer.INFO: `ohrm_buzz_like_on_comment` record count: 0 [] []
[2025-05-06T10:45:36.330888+02:00] installer.INFO: `ohrm_buzz_like_on_share` record count: 0 [] []
[2025-05-06T10:45:36.333951+02:00] installer.INFO: `ohrm_buzz_post` record count: 0 [] []
[2025-05-06T10:45:36.337469+02:00] installer.INFO: `ohrm_buzz_share` record count: 0 [] []
[2025-05-06T10:45:36.824136+02:00] installer.INFO: `ohrm_buzz_link` record count: 0 [] []
[2025-05-06T10:45:36.826361+02:00] installer.INFO: Deleting legacy Buzz config values [] []
[2025-05-06T10:45:36.907404+02:00] installer.INFO: Deleting: `buzz_comment_text_lenth` => `250` from `hs_hr_config` [] []
[2025-05-06T10:45:36.982799+02:00] installer.INFO: Deleting: `buzz_cookie_valid_time` => `5000` from `hs_hr_config` [] []
[2025-05-06T10:45:37.105615+02:00] installer.INFO: Deleting: `buzz_image_max_dimension` => `1024` from `hs_hr_config` [] []
[2025-05-06T10:45:37.188511+02:00] installer.INFO: Deleting: `buzz_initial_comments` => `2` from `hs_hr_config` [] []
[2025-05-06T10:45:37.279212+02:00] installer.INFO: Deleting: `buzz_like_count` => `5` from `hs_hr_config` [] []
[2025-05-06T10:45:37.346423+02:00] installer.INFO: Deleting: `buzz_max_notification_period` => `-1 week` from `hs_hr_config` [] []
[2025-05-06T10:45:37.417633+02:00] installer.INFO: Deleting: `buzz_most_like_posts` => `5` from `hs_hr_config` [] []
[2025-05-06T10:45:37.499574+02:00] installer.INFO: Deleting: `buzz_most_like_shares` => `5` from `hs_hr_config` [] []
[2025-05-06T10:45:37.585464+02:00] installer.INFO: Deleting: `buzz_post_text_lenth` => `500` from `hs_hr_config` [] []
[2025-05-06T10:45:37.663739+02:00] installer.INFO: Deleting: `buzz_post_text_lines` => `5` from `hs_hr_config` [] []
[2025-05-06T10:45:37.746509+02:00] installer.INFO: Deleting: `buzz_refresh_time` => `60000` from `hs_hr_config` [] []
[2025-05-06T10:45:37.828808+02:00] installer.INFO: Deleting: `buzz_share_count` => `10` from `hs_hr_config` [] []
[2025-05-06T10:45:37.907068+02:00] installer.INFO: Deleting: `buzz_time_format` => `h:i a` from `hs_hr_config` [] []
[2025-05-06T10:45:37.990494+02:00] installer.INFO: Deleting: `buzz_viewmore_comment` => `5` from `hs_hr_config` [] []
[2025-05-06T10:45:38.254603+02:00] installer.INFO: Matched route "{route}". {"route":"api_installer_migration","route_parameters":{"_controller":"OrangeHRM\\Installer\\Controller\\Installer\\Api\\MigrationAPI::handle","_route":"api_installer_migration"},"request_uri":"http://localhost/orangehrm-5.7/installer/index.php/installer/api/installation/migration","method":"POST"} []
[2025-05-06T10:45:38.263416+02:00] installer.INFO: {"version":"5.4"} [] []
[2025-05-06T10:45:38.331812+02:00] installer.INFO: Instance details: {"os":{"os":"Windows NT","release_name":"10.0","version_info":"build 26100 (Windows 11)"},"php":{"version":"8.2.12"},"mysql":{"client_version":"mysqlnd 8.2.12","server_version":"10.4.32-MariaDB","conn_type":"localhost via TCP\/IP"},"server":"Apache\/2.4.58 (Win64) OpenSSL\/3.1.3 PHP\/8.2.12","ohrm":{"version":"5.7"}} [] []
[2025-05-06T10:45:38.350083+02:00] installer.INFO: set_time_limit: success [] []
[2025-05-06T10:45:39.503536+02:00] installer.INFO: Deleting: `authentication.default_required_password_strength` => `strong` from `hs_hr_config` [] []
[2025-05-06T10:45:39.704167+02:00] installer.INFO: Deleting: `authentication.enforce_password_strength` => `on` from `hs_hr_config` [] []
[2025-05-06T10:45:40.703889+02:00] installer.INFO: Matched route "{route}". {"route":"api_installer_migration","route_parameters":{"_controller":"OrangeHRM\\Installer\\Controller\\Installer\\Api\\MigrationAPI::handle","_route":"api_installer_migration"},"request_uri":"http://localhost/orangehrm-5.7/installer/index.php/installer/api/installation/migration","method":"POST"} []
[2025-05-06T10:45:40.713535+02:00] installer.INFO: {"version":"5.5"} [] []
[2025-05-06T10:45:40.785295+02:00] installer.INFO: Instance details: {"os":{"os":"Windows NT","release_name":"10.0","version_info":"build 26100 (Windows 11)"},"php":{"version":"8.2.12"},"mysql":{"client_version":"mysqlnd 8.2.12","server_version":"10.4.32-MariaDB","conn_type":"localhost via TCP\/IP"},"server":"Apache\/2.4.58 (Win64) OpenSSL\/3.1.3 PHP\/8.2.12","ohrm":{"version":"5.7"}} [] []
[2025-05-06T10:45:40.803393+02:00] installer.INFO: set_time_limit: success [] []
[2025-05-06T10:45:43.261823+02:00] installer.INFO: Matched route "{route}". {"route":"api_installer_migration","route_parameters":{"_controller":"OrangeHRM\\Installer\\Controller\\Installer\\Api\\MigrationAPI::handle","_route":"api_installer_migration"},"request_uri":"http://localhost/orangehrm-5.7/installer/index.php/installer/api/installation/migration","method":"POST"} []
[2025-05-06T10:45:43.272517+02:00] installer.INFO: {"version":"5.6"} [] []
[2025-05-06T10:45:43.359470+02:00] installer.INFO: Instance details: {"os":{"os":"Windows NT","release_name":"10.0","version_info":"build 26100 (Windows 11)"},"php":{"version":"8.2.12"},"mysql":{"client_version":"mysqlnd 8.2.12","server_version":"10.4.32-MariaDB","conn_type":"localhost via TCP\/IP"},"server":"Apache\/2.4.58 (Win64) OpenSSL\/3.1.3 PHP\/8.2.12","ohrm":{"version":"5.7"}} [] []
[2025-05-06T10:45:43.376127+02:00] installer.INFO: set_time_limit: success [] []
[2025-05-06T10:45:44.011944+02:00] installer.INFO: Matched route "{route}". {"route":"api_installer_migration","route_parameters":{"_controller":"OrangeHRM\\Installer\\Controller\\Installer\\Api\\MigrationAPI::handle","_route":"api_installer_migration"},"request_uri":"http://localhost/orangehrm-5.7/installer/index.php/installer/api/installation/migration","method":"POST"} []
[2025-05-06T10:45:44.020597+02:00] installer.INFO: {"version":"5.6.1"} [] []
[2025-05-06T10:45:44.104255+02:00] installer.INFO: Instance details: {"os":{"os":"Windows NT","release_name":"10.0","version_info":"build 26100 (Windows 11)"},"php":{"version":"8.2.12"},"mysql":{"client_version":"mysqlnd 8.2.12","server_version":"10.4.32-MariaDB","conn_type":"localhost via TCP\/IP"},"server":"Apache\/2.4.58 (Win64) OpenSSL\/3.1.3 PHP\/8.2.12","ohrm":{"version":"5.7"}} [] []
[2025-05-06T10:45:44.121258+02:00] installer.INFO: set_time_limit: success [] []
[2025-05-06T10:45:44.380977+02:00] installer.INFO: Matched route "{route}". {"route":"api_installer_migration","route_parameters":{"_controller":"OrangeHRM\\Installer\\Controller\\Installer\\Api\\MigrationAPI::handle","_route":"api_installer_migration"},"request_uri":"http://localhost/orangehrm-5.7/installer/index.php/installer/api/installation/migration","method":"POST"} []
[2025-05-06T10:45:44.387929+02:00] installer.INFO: {"version":"5.7"} [] []
[2025-05-06T10:45:44.456217+02:00] installer.INFO: Instance details: {"os":{"os":"Windows NT","release_name":"10.0","version_info":"build 26100 (Windows 11)"},"php":{"version":"8.2.12"},"mysql":{"client_version":"mysqlnd 8.2.12","server_version":"10.4.32-MariaDB","conn_type":"localhost via TCP\/IP"},"server":"Apache\/2.4.58 (Win64) OpenSSL\/3.1.3 PHP\/8.2.12","ohrm":{"version":"5.7"}} [] []
[2025-05-06T10:45:44.471192+02:00] installer.INFO: set_time_limit: success [] []
[2025-05-06T10:45:45.467327+02:00] installer.INFO: Matched route "{route}". {"route":"api_installer_instance_creation","route_parameters":{"_controller":"OrangeHRM\\Installer\\Controller\\Installer\\Api\\InstallationInstanceAPI::handle","_route":"api_installer_instance_creation"},"request_uri":"http://localhost/orangehrm-5.7/installer/index.php/installer/api/installation/instance","method":"POST"} []
[2025-05-06T10:45:45.550256+02:00] installer.INFO: Instance details: {"os":{"os":"Windows NT","release_name":"10.0","version_info":"build 26100 (Windows 11)"},"php":{"version":"8.2.12"},"mysql":{"client_version":"mysqlnd 8.2.12","server_version":"10.4.32-MariaDB","conn_type":"localhost via TCP\/IP"},"server":"Apache\/2.4.58 (Win64) OpenSSL\/3.1.3 PHP\/8.2.12","ohrm":{"version":"5.7"}} [] []
[2025-05-06T10:45:46.312497+02:00] installer.INFO: Matched route "{route}". {"route":"api_installer_database_user","route_parameters":{"_controller":"OrangeHRM\\Installer\\Controller\\Installer\\Api\\InstallationDatabaseUserAPI::handle","_route":"api_installer_database_user"},"request_uri":"http://localhost/orangehrm-5.7/installer/index.php/installer/api/installation/database-user","method":"POST"} []
[2025-05-06T10:45:46.427596+02:00] installer.INFO: Matched route "{route}". {"route":"api_installer_write_config","route_parameters":{"_controller":"OrangeHRM\\Installer\\Controller\\Installer\\Api\\ConfigFileAPI::handle","_route":"api_installer_write_config"},"request_uri":"http://localhost/orangehrm-5.7/installer/index.php/installer/api/installation/config-file","method":"POST"} []
[2025-05-06T10:46:03.152301+02:00] installer.INFO: Matched route "{route}". {"route":"installer_complete","route_parameters":{"_controller":"OrangeHRM\\Installer\\Controller\\Installer\\InstallerCompleteController::handle","_route":"installer_complete"},"request_uri":"http://localhost/orangehrm-5.7/installer/index.php/installer/complete","method":"GET"} []
[2025-05-06T10:46:03.170618+02:00] installer.INFO: OrangeHRM 5.7 status: true [] []
[2025-05-06T10:46:05.870280+02:00] installer.INFO: Matched route "{route}". {"route":"installer_home","route_parameters":{"_controller":"OrangeHRM\\Installer\\Controller\\HomeController::handle","_route":"installer_home"},"request_uri":"http://localhost/orangehrm-5.7/installer/index.php/","method":"GET"} []
